{"@timestamp":"2023-10-06T03:10:50.888Z","@metadata":{"beat":"winlogbeat","type":"_doc","version":"8.10.2"},"log":{"level":"information"},"message":"An account was logged off.\n\nSubject:\n\tSecurity ID:\t\tS-1-5-18\n\tAccount Name:\t\tWENAD$\n\tAccount Domain:\t\tWINDOWS01\n\tLogon ID:\t\t0x63E1BB1\n\nLogon Type:\t\t\t3\n\nThis event is generated when a logon session is destroyed. It may be positively correlated with a logon event using the Logon ID value. Logon IDs are only unique between reboots on the same computer.","host":{"name":"wenad","ip":["fe80::d706:39bb:7a8d:ffb1","192.168.89.209"],"mac":["52-54-00-34-15-27"],"hostname":"wenad","architecture":"x86_64","os":{"build":"20348.1970","type":"windows","platform":"windows","version":"10.0","family":"windows","name":"Windows Server 2022 Datacenter Evaluation","kernel":"10.0.20348.1970 (WinBuild.160101.0800)"},"id":"b2ee90f1-d4e1-4ba3-962e-5b5e5a0b936f"},"ecs":{"version":"8.0.0"},"agent":{"version":"8.10.2","ephemeral_id":"2b9c058f-34ed-4c75-a5ec-12bc3da17947","id":"a6957f95-a905-403f-bb3a-3b7d19ed8db2","name":"wenad","type":"winlogbeat"},"winlog":{"process":{"pid":652,"thread":{"id":1548}},"event_id":"4634","event_data":{"TargetUserSid":"S-1-5-18","TargetUserName":"WENAD$","TargetDomainName":"WINDOWS01","TargetLogonId":"0x63e1bb1","LogonType":"3"},"provider_name":"Microsoft-Windows-Security-Auditing","keywords":["Audit Success"],"provider_guid":"{54849625-5478-4994-a5ba-3e3b0328c30d}","channel":"Security","record_id":156777,"opcode":"Info","api":"wineventlog","task":"Logoff","computer_name":"wenad.prometheus.io"},"event":{"provider":"Microsoft-Windows-Security-Auditing","outcome":"success","action":"Logoff","created":"2023-10-06T03:10:52.693Z","code":"4634","kind":"event"}}
{"@timestamp":"2023-10-06T03:10:56.511Z","@metadata":{"beat":"winlogbeat","type":"_doc","version":"8.10.2"},"host":{"ip":["fe80::d706:39bb:7a8d:ffb1","192.168.89.209"],"mac":["52-54-00-34-15-27"],"hostname":"wenad","architecture":"x86_64","os":{"type":"windows","platform":"windows","version":"10.0","family":"windows","name":"Windows Server 2022 Datacenter Evaluation","kernel":"10.0.20348.1970 (WinBuild.160101.0800)","build":"20348.1970"},"name":"wenad","id":"b2ee90f1-d4e1-4ba3-962e-5b5e5a0b936f"},"winlog":{"api":"wineventlog","event_id":"403","keywords":["Classic"],"task":"Engine Lifecycle","event_data":{"param2":"Available","param3":"\tNewEngineState=Stopped\n\tPreviousEngineState=Available\n\n\tSequenceNumber=15\n\n\tHostName=ConsoleHost\n\tHostVersion=5.1.20348.1850\n\tHostId=702fb7c9-5b81-4402-aaeb-6a811b9841db\n\tHostApplication=powershell.exe -ExecutionPolicy Restricted -Command $res = 0; if(get-vmswitch | Where {$_.NetAdapterInterfaceDescription -ne $null -and $_.NetAdapterInterfaceDescription -eq (Get-NetLbfoTeamNic).InterfaceDescription}){$res=1}; Write-Host Final result:, $res\n\tEngineVersion=5.1.20348.1850\n\tRunspaceId=d042be87-c63c-449d-95ae-4d80afb85d57\n\tPipelineId=\n\tCommandName=\n\tCommandType=\n\tScriptName=\n\tCommandPath=\n\tCommandLine=","param1":"Stopped"},"provider_name":"PowerShell","opcode":"Info","channel":"Windows PowerShell","record_id":6216,"computer_name":"wenad.prometheus.io"},"event":{"action":"Engine Lifecycle","created":"2023-10-06T03:10:56.669Z","code":"403","kind":"event","provider":"PowerShell"},"log":{"level":"information"},"ecs":{"version":"8.0.0"},"agent":{"id":"a6957f95-a905-403f-bb3a-3b7d19ed8db2","name":"wenad","type":"winlogbeat","version":"8.10.2","ephemeral_id":"2b9c058f-34ed-4c75-a5ec-12bc3da17947"},"message":"Engine state is changed from Available to Stopped. \n\nDetails: \n\tNewEngineState=Stopped\n\tPreviousEngineState=Available\n\n\tSequenceNumber=15\n\n\tHostName=ConsoleHost\n\tHostVersion=5.1.20348.1850\n\tHostId=702fb7c9-5b81-4402-aaeb-6a811b9841db\n\tHostApplication=powershell.exe -ExecutionPolicy Restricted -Command $res = 0; if(get-vmswitch | Where {$_.NetAdapterInterfaceDescription -ne $null -and $_.NetAdapterInterfaceDescription -eq (Get-NetLbfoTeamNic).InterfaceDescription}){$res=1}; Write-Host Final result:, $res\n\tEngineVersion=5.1.20348.1850\n\tRunspaceId=d042be87-c63c-449d-95ae-4d80afb85d57\n\tPipelineId=\n\tCommandName=\n\tCommandType=\n\tScriptName=\n\tCommandPath=\n\tCommandLine="}
{"@timestamp":"2023-10-06T03:10:56.718Z","@metadata":{"beat":"winlogbeat","type":"_doc","version":"8.10.2"},"event":{"provider":"PowerShell","action":"Provider Lifecycle","created":"2023-10-06T03:10:57.694Z","code":"600","kind":"event"},"log":{"level":"information"},"message":"Provider \"Registry\" is Started. \n\nDetails: \n\tProviderName=Registry\n\tNewProviderState=Started\n\n\tSequenceNumber=1\n\n\tHostName=ConsoleHost\n\tHostVersion=5.1.20348.1850\n\tHostId=95b75fb8-79de-4e42-b920-51acf331a805\n\tHostApplication=powershell.exe -ExecutionPolicy Restricted -Command Write-Host 'Final result: 1';\n\tEngineVersion=\n\tRunspaceId=\n\tPipelineId=\n\tCommandName=\n\tCommandType=\n\tScriptName=\n\tCommandPath=\n\tCommandLine=","host":{"name":"wenad","hostname":"wenad","architecture":"x86_64","os":{"version":"10.0","family":"windows","name":"Windows Server 2022 Datacenter Evaluation","kernel":"10.0.20348.1970 (WinBuild.160101.0800)","build":"20348.1970","type":"windows","platform":"windows"},"id":"b2ee90f1-d4e1-4ba3-962e-5b5e5a0b936f","ip":["fe80::d706:39bb:7a8d:ffb1","192.168.89.209"],"mac":["52-54-00-34-15-27"]},"ecs":{"version":"8.0.0"},"agent":{"id":"a6957f95-a905-403f-bb3a-3b7d19ed8db2","name":"wenad","type":"winlogbeat","version":"8.10.2","ephemeral_id":"2b9c058f-34ed-4c75-a5ec-12bc3da17947"},"winlog":{"opcode":"Info","api":"wineventlog","channel":"Windows PowerShell","provider_name":"PowerShell","computer_name":"wenad.prometheus.io","event_id":"600","task":"Provider Lifecycle","keywords":["Classic"],"record_id":6217,"event_data":{"param1":"Registry","param2":"Started","param3":"\tProviderName=Registry\n\tNewProviderState=Started\n\n\tSequenceNumber=1\n\n\tHostName=ConsoleHost\n\tHostVersion=5.1.20348.1850\n\tHostId=95b75fb8-79de-4e42-b920-51acf331a805\n\tHostApplication=powershell.exe -ExecutionPolicy Restricted -Command Write-Host 'Final result: 1';\n\tEngineVersion=\n\tRunspaceId=\n\tPipelineId=\n\tCommandName=\n\tCommandType=\n\tScriptName=\n\tCommandPath=\n\tCommandLine="}}}
{"@timestamp":"2023-10-06T03:10:56.718Z","@metadata":{"beat":"winlogbeat","type":"_doc","version":"8.10.2"},"log":{"level":"information"},"message":"Provider \"Alias\" is Started. \n\nDetails: \n\tProviderName=Alias\n\tNewProviderState=Started\n\n\tSequenceNumber=3\n\n\tHostName=ConsoleHost\n\tHostVersion=5.1.20348.1850\n\tHostId=95b75fb8-79de-4e42-b920-51acf331a805\n\tHostApplication=powershell.exe -ExecutionPolicy Restricted -Command Write-Host 'Final result: 1';\n\tEngineVersion=\n\tRunspaceId=\n\tPipelineId=\n\tCommandName=\n\tCommandType=\n\tScriptName=\n\tCommandPath=\n\tCommandLine=","host":{"architecture":"x86_64","os":{"platform":"windows","version":"10.0","family":"windows","name":"Windows Server 2022 Datacenter Evaluation","kernel":"10.0.20348.1970 (WinBuild.160101.0800)","build":"20348.1970","type":"windows"},"id":"b2ee90f1-d4e1-4ba3-962e-5b5e5a0b936f","ip":["fe80::d706:39bb:7a8d:ffb1","192.168.89.209"],"mac":["52-54-00-34-15-27"],"hostname":"wenad","name":"wenad"},"ecs":{"version":"8.0.0"},"agent":{"name":"wenad","type":"winlogbeat","version":"8.10.2","ephemeral_id":"2b9c058f-34ed-4c75-a5ec-12bc3da17947","id":"a6957f95-a905-403f-bb3a-3b7d19ed8db2"},"winlog":{"channel":"Windows PowerShell","provider_name":"PowerShell","event_data":{"param3":"\tProviderName=Alias\n\tNewProviderState=Started\n\n\tSequenceNumber=3\n\n\tHostName=ConsoleHost\n\tHostVersion=5.1.20348.1850\n\tHostId=95b75fb8-79de-4e42-b920-51acf331a805\n\tHostApplication=powershell.exe -ExecutionPolicy Restricted -Command Write-Host 'Final result: 1';\n\tEngineVersion=\n\tRunspaceId=\n\tPipelineId=\n\tCommandName=\n\tCommandType=\n\tScriptName=\n\tCommandPath=\n\tCommandLine=","param1":"Alias","param2":"Started"},"task":"Provider Lifecycle","computer_name":"wenad.prometheus.io","keywords":["Classic"],"record_id":6218,"event_id":"600","api":"wineventlog","opcode":"Info"},"event":{"provider":"PowerShell","action":"Provider Lifecycle","created":"2023-10-06T03:10:57.694Z","code":"600","kind":"event"}}
{"@timestamp":"2023-10-06T03:10:56.718Z","@metadata":{"beat":"winlogbeat","type":"_doc","version":"8.10.2"},"message":"Provider \"Environment\" is Started. \n\nDetails: \n\tProviderName=Environment\n\tNewProviderState=Started\n\n\tSequenceNumber=5\n\n\tHostName=ConsoleHost\n\tHostVersion=5.1.20348.1850\n\tHostId=95b75fb8-79de-4e42-b920-51acf331a805\n\tHostApplication=powershell.exe -ExecutionPolicy Restricted -Command Write-Host 'Final result: 1';\n\tEngineVersion=\n\tRunspaceId=\n\tPipelineId=\n\tCommandName=\n\tCommandType=\n\tScriptName=\n\tCommandPath=\n\tCommandLine=","host":{"name":"wenad","mac":["52-54-00-34-15-27"],"hostname":"wenad","architecture":"x86_64","os":{"version":"10.0","family":"windows","name":"Windows Server 2022 Datacenter Evaluation","kernel":"10.0.20348.1970 (WinBuild.160101.0800)","build":"20348.1970","type":"windows","platform":"windows"},"id":"b2ee90f1-d4e1-4ba3-962e-5b5e5a0b936f","ip":["fe80::d706:39bb:7a8d:ffb1","192.168.89.209"]},"winlog":{"opcode":"Info","api":"wineventlog","event_id":"600","record_id":6219,"keywords":["Classic"],"task":"Provider Lifecycle","channel":"Windows PowerShell","provider_name":"PowerShell","computer_name":"wenad.prometheus.io","event_data":{"param1":"Environment","param2":"Started","param3":"\tProviderName=Environment\n\tNewProviderState=Started\n\n\tSequenceNumber=5\n\n\tHostName=ConsoleHost\n\tHostVersion=5.1.20348.1850\n\tHostId=95b75fb8-79de-4e42-b920-51acf331a805\n\tHostApplication=powershell.exe -ExecutionPolicy Restricted -Command Write-Host 'Final result: 1';\n\tEngineVersion=\n\tRunspaceId=\n\tPipelineId=\n\tCommandName=\n\tCommandType=\n\tScriptName=\n\tCommandPath=\n\tCommandLine="}},"event":{"kind":"event","provider":"PowerShell","action":"Provider Lifecycle","created":"2023-10-06T03:10:57.694Z","code":"600"},"ecs":{"version":"8.0.0"},"agent":{"version":"8.10.2","ephemeral_id":"2b9c058f-34ed-4c75-a5ec-12bc3da17947","id":"a6957f95-a905-403f-bb3a-3b7d19ed8db2","name":"wenad","type":"winlogbeat"},"log":{"level":"information"}}
{"@timestamp":"2023-10-06T03:10:56.718Z","@metadata":{"beat":"winlogbeat","type":"_doc","version":"8.10.2"},"host":{"name":"wenad","architecture":"x86_64","os":{"kernel":"10.0.20348.1970 (WinBuild.160101.0800)","build":"20348.1970","type":"windows","platform":"windows","version":"10.0","family":"windows","name":"Windows Server 2022 Datacenter Evaluation"},"id":"b2ee90f1-d4e1-4ba3-962e-5b5e5a0b936f","ip":["fe80::d706:39bb:7a8d:ffb1","192.168.89.209"],"mac":["52-54-00-34-15-27"],"hostname":"wenad"},"ecs":{"version":"8.0.0"},"agent":{"name":"wenad","type":"winlogbeat","version":"8.10.2","ephemeral_id":"2b9c058f-34ed-4c75-a5ec-12bc3da17947","id":"a6957f95-a905-403f-bb3a-3b7d19ed8db2"},"winlog":{"event_data":{"param1":"FileSystem","param2":"Started","param3":"\tProviderName=FileSystem\n\tNewProviderState=Started\n\n\tSequenceNumber=7\n\n\tHostName=ConsoleHost\n\tHostVersion=5.1.20348.1850\n\tHostId=95b75fb8-79de-4e42-b920-51acf331a805\n\tHostApplication=powershell.exe -ExecutionPolicy Restricted -Command Write-Host 'Final result: 1';\n\tEngineVersion=\n\tRunspaceId=\n\tPipelineId=\n\tCommandName=\n\tCommandType=\n\tScriptName=\n\tCommandPath=\n\tCommandLine="},"channel":"Windows PowerShell","event_id":"600","keywords":["Classic"],"api":"wineventlog","record_id":6220,"task":"Provider Lifecycle","opcode":"Info","provider_name":"PowerShell","computer_name":"wenad.prometheus.io"},"event":{"action":"Provider Lifecycle","created":"2023-10-06T03:10:57.694Z","code":"600","kind":"event","provider":"PowerShell"},"log":{"level":"information"},"message":"Provider \"FileSystem\" is Started. \n\nDetails: \n\tProviderName=FileSystem\n\tNewProviderState=Started\n\n\tSequenceNumber=7\n\n\tHostName=ConsoleHost\n\tHostVersion=5.1.20348.1850\n\tHostId=95b75fb8-79de-4e42-b920-51acf331a805\n\tHostApplication=powershell.exe -ExecutionPolicy Restricted -Command Write-Host 'Final result: 1';\n\tEngineVersion=\n\tRunspaceId=\n\tPipelineId=\n\tCommandName=\n\tCommandType=\n\tScriptName=\n\tCommandPath=\n\tCommandLine="}
{"@timestamp":"2023-10-06T03:10:56.718Z","@metadata":{"beat":"winlogbeat","type":"_doc","version":"8.10.2"},"winlog":{"channel":"Windows PowerShell","keywords":["Classic"],"opcode":"Info","event_id":"600","provider_name":"PowerShell","event_data":{"param1":"Function","param2":"Started","param3":"\tProviderName=Function\n\tNewProviderState=Started\n\n\tSequenceNumber=9\n\n\tHostName=ConsoleHost\n\tHostVersion=5.1.20348.1850\n\tHostId=95b75fb8-79de-4e42-b920-51acf331a805\n\tHostApplication=powershell.exe -ExecutionPolicy Restricted -Command Write-Host 'Final result: 1';\n\tEngineVersion=\n\tRunspaceId=\n\tPipelineId=\n\tCommandName=\n\tCommandType=\n\tScriptName=\n\tCommandPath=\n\tCommandLine="},"record_id":6221,"api":"wineventlog","task":"Provider Lifecycle","computer_name":"wenad.prometheus.io"},"event":{"kind":"event","provider":"PowerShell","action":"Provider Lifecycle","created":"2023-10-06T03:10:57.694Z","code":"600"},"ecs":{"version":"8.0.0"},"agent":{"name":"wenad","type":"winlogbeat","version":"8.10.2","ephemeral_id":"2b9c058f-34ed-4c75-a5ec-12bc3da17947","id":"a6957f95-a905-403f-bb3a-3b7d19ed8db2"},"log":{"level":"information"},"message":"Provider \"Function\" is Started. \n\nDetails: \n\tProviderName=Function\n\tNewProviderState=Started\n\n\tSequenceNumber=9\n\n\tHostName=ConsoleHost\n\tHostVersion=5.1.20348.1850\n\tHostId=95b75fb8-79de-4e42-b920-51acf331a805\n\tHostApplication=powershell.exe -ExecutionPolicy Restricted -Command Write-Host 'Final result: 1';\n\tEngineVersion=\n\tRunspaceId=\n\tPipelineId=\n\tCommandName=\n\tCommandType=\n\tScriptName=\n\tCommandPath=\n\tCommandLine=","host":{"name":"wenad","hostname":"wenad","architecture":"x86_64","os":{"type":"windows","platform":"windows","version":"10.0","family":"windows","name":"Windows Server 2022 Datacenter Evaluation","kernel":"10.0.20348.1970 (WinBuild.160101.0800)","build":"20348.1970"},"id":"b2ee90f1-d4e1-4ba3-962e-5b5e5a0b936f","ip":["fe80::d706:39bb:7a8d:ffb1","192.168.89.209"],"mac":["52-54-00-34-15-27"]}}
{"@timestamp":"2023-10-06T03:10:56.718Z","@metadata":{"beat":"winlogbeat","type":"_doc","version":"8.10.2"},"ecs":{"version":"8.0.0"},"agent":{"version":"8.10.2","ephemeral_id":"2b9c058f-34ed-4c75-a5ec-12bc3da17947","id":"a6957f95-a905-403f-bb3a-3b7d19ed8db2","name":"wenad","type":"winlogbeat"},"winlog":{"task":"Provider Lifecycle","keywords":["Classic"],"opcode":"Info","api":"wineventlog","computer_name":"wenad.prometheus.io","provider_name":"PowerShell","event_data":{"param1":"Variable","param2":"Started","param3":"\tProviderName=Variable\n\tNewProviderState=Started\n\n\tSequenceNumber=11\n\n\tHostName=ConsoleHost\n\tHostVersion=5.1.20348.1850\n\tHostId=95b75fb8-79de-4e42-b920-51acf331a805\n\tHostApplication=powershell.exe -ExecutionPolicy Restricted -Command Write-Host 'Final result: 1';\n\tEngineVersion=\n\tRunspaceId=\n\tPipelineId=\n\tCommandName=\n\tCommandType=\n\tScriptName=\n\tCommandPath=\n\tCommandLine="},"event_id":"600","record_id":6222,"channel":"Windows PowerShell"},"event":{"created":"2023-10-06T03:10:57.694Z","code":"600","kind":"event","provider":"PowerShell","action":"Provider Lifecycle"},"log":{"level":"information"},"message":"Provider \"Variable\" is Started. \n\nDetails: \n\tProviderName=Variable\n\tNewProviderState=Started\n\n\tSequenceNumber=11\n\n\tHostName=ConsoleHost\n\tHostVersion=5.1.20348.1850\n\tHostId=95b75fb8-79de-4e42-b920-51acf331a805\n\tHostApplication=powershell.exe -ExecutionPolicy Restricted -Command Write-Host 'Final result: 1';\n\tEngineVersion=\n\tRunspaceId=\n\tPipelineId=\n\tCommandName=\n\tCommandType=\n\tScriptName=\n\tCommandPath=\n\tCommandLine=","host":{"ip":["fe80::d706:39bb:7a8d:ffb1","192.168.89.209"],"mac":["52-54-00-34-15-27"],"hostname":"wenad","architecture":"x86_64","os":{"platform":"windows","version":"10.0","family":"windows","name":"Windows Server 2022 Datacenter Evaluation","kernel":"10.0.20348.1970 (WinBuild.160101.0800)","build":"20348.1970","type":"windows"},"name":"wenad","id":"b2ee90f1-d4e1-4ba3-962e-5b5e5a0b936f"}}
{"@timestamp":"2023-10-06T03:10:56.733Z","@metadata":{"beat":"winlogbeat","type":"_doc","version":"8.10.2"},"ecs":{"version":"8.0.0"},"winlog":{"task":"Engine Lifecycle","api":"wineventlog","event_id":"400","provider_name":"PowerShell","computer_name":"wenad.prometheus.io","keywords":["Classic"],"opcode":"Info","record_id":6223,"event_data":{"param2":"None","param3":"\tNewEngineState=Available\n\tPreviousEngineState=None\n\n\tSequenceNumber=13\n\n\tHostName=ConsoleHost\n\tHostVersion=5.1.20348.1850\n\tHostId=95b75fb8-79de-4e42-b920-51acf331a805\n\tHostApplication=powershell.exe -ExecutionPolicy Restricted -Command Write-Host 'Final result: 1';\n\tEngineVersion=5.1.20348.1850\n\tRunspaceId=8f015a01-0723-4295-b5a3-e5bc5c7ad3b0\n\tPipelineId=\n\tCommandName=\n\tCommandType=\n\tScriptName=\n\tCommandPath=\n\tCommandLine=","param1":"Available"},"channel":"Windows PowerShell"},"event":{"created":"2023-10-06T03:10:57.695Z","code":"400","kind":"event","provider":"PowerShell","action":"Engine Lifecycle"},"log":{"level":"information"},"message":"Engine state is changed from None to Available. \n\nDetails: \n\tNewEngineState=Available\n\tPreviousEngineState=None\n\n\tSequenceNumber=13\n\n\tHostName=ConsoleHost\n\tHostVersion=5.1.20348.1850\n\tHostId=95b75fb8-79de-4e42-b920-51acf331a805\n\tHostApplication=powershell.exe -ExecutionPolicy Restricted -Command Write-Host 'Final result: 1';\n\tEngineVersion=5.1.20348.1850\n\tRunspaceId=8f015a01-0723-4295-b5a3-e5bc5c7ad3b0\n\tPipelineId=\n\tCommandName=\n\tCommandType=\n\tScriptName=\n\tCommandPath=\n\tCommandLine=","host":{"name":"wenad","hostname":"wenad","architecture":"x86_64","os":{"name":"Windows Server 2022 Datacenter Evaluation","kernel":"10.0.20348.1970 (WinBuild.160101.0800)","build":"20348.1970","type":"windows","platform":"windows","version":"10.0","family":"windows"},"id":"b2ee90f1-d4e1-4ba3-962e-5b5e5a0b936f","ip":["fe80::d706:39bb:7a8d:ffb1","192.168.89.209"],"mac":["52-54-00-34-15-27"]},"agent":{"ephemeral_id":"2b9c058f-34ed-4c75-a5ec-12bc3da17947","id":"a6957f95-a905-403f-bb3a-3b7d19ed8db2","name":"wenad","type":"winlogbeat","version":"8.10.2"}}
{"@timestamp":"2023-10-06T03:10:57.031Z","@metadata":{"beat":"winlogbeat","type":"_doc","version":"8.10.2"},"event":{"provider":"PowerShell","action":"Engine Lifecycle","created":"2023-10-06T03:10:57.695Z","code":"403","kind":"event"},"log":{"level":"information"},"message":"Engine state is changed from Available to Stopped. \n\nDetails: \n\tNewEngineState=Stopped\n\tPreviousEngineState=Available\n\n\tSequenceNumber=15\n\n\tHostName=ConsoleHost\n\tHostVersion=5.1.20348.1850\n\tHostId=95b75fb8-79de-4e42-b920-51acf331a805\n\tHostApplication=powershell.exe -ExecutionPolicy Restricted -Command Write-Host 'Final result: 1';\n\tEngineVersion=5.1.20348.1850\n\tRunspaceId=8f015a01-0723-4295-b5a3-e5bc5c7ad3b0\n\tPipelineId=\n\tCommandName=\n\tCommandType=\n\tScriptName=\n\tCommandPath=\n\tCommandLine=","host":{"ip":["fe80::d706:39bb:7a8d:ffb1","192.168.89.209"],"mac":["52-54-00-34-15-27"],"hostname":"wenad","architecture":"x86_64","name":"wenad","os":{"platform":"windows","version":"10.0","family":"windows","name":"Windows Server 2022 Datacenter Evaluation","kernel":"10.0.20348.1970 (WinBuild.160101.0800)","build":"20348.1970","type":"windows"},"id":"b2ee90f1-d4e1-4ba3-962e-5b5e5a0b936f"},"ecs":{"version":"8.0.0"},"agent":{"ephemeral_id":"2b9c058f-34ed-4c75-a5ec-12bc3da17947","id":"a6957f95-a905-403f-bb3a-3b7d19ed8db2","name":"wenad","type":"winlogbeat","version":"8.10.2"},"winlog":{"task":"Engine Lifecycle","event_data":{"param3":"\tNewEngineState=Stopped\n\tPreviousEngineState=Available\n\n\tSequenceNumber=15\n\n\tHostName=ConsoleHost\n\tHostVersion=5.1.20348.1850\n\tHostId=95b75fb8-79de-4e42-b920-51acf331a805\n\tHostApplication=powershell.exe -ExecutionPolicy Restricted -Command Write-Host 'Final result: 1';\n\tEngineVersion=5.1.20348.1850\n\tRunspaceId=8f015a01-0723-4295-b5a3-e5bc5c7ad3b0\n\tPipelineId=\n\tCommandName=\n\tCommandType=\n\tScriptName=\n\tCommandPath=\n\tCommandLine=","param1":"Stopped","param2":"Available"},"channel":"Windows PowerShell","api":"wineventlog","provider_name":"PowerShell","record_id":6224,"computer_name":"wenad.prometheus.io","opcode":"Info","event_id":"403","keywords":["Classic"]}}
{"@timestamp":"2023-10-06T03:11:19.439Z","@metadata":{"beat":"winlogbeat","type":"_doc","version":"8.10.2"},"winlog":{"event_data":{"param1":"2024-02-19T16:48:19Z","param2":"RulesEngine"},"task":"None","computer_name":"wenad.prometheus.io","record_id":2105,"api":"wineventlog","channel":"Application","event_id":"16384","provider_name":"Microsoft-Windows-Security-SPP","opcode":"Info","keywords":["Classic"],"provider_guid":"{E23B33B0-C8C9-472C-A5F9-F2BDFEA0F156}"},"event":{"created":"2023-10-06T03:11:19.806Z","code":"16384","kind":"event","provider":"Microsoft-Windows-Security-SPP","action":"None"},"log":{"level":"information"},"message":"Successfully scheduled Software Protection service for re-start at 2024-02-19T16:48:19Z. Reason: RulesEngine.","host":{"name":"wenad","architecture":"x86_64","os":{"family":"windows","name":"Windows Server 2022 Datacenter Evaluation","kernel":"10.0.20348.1970 (WinBuild.160101.0800)","build":"20348.1970","type":"windows","platform":"windows","version":"10.0"},"id":"b2ee90f1-d4e1-4ba3-962e-5b5e5a0b936f","ip":["fe80::d706:39bb:7a8d:ffb1","192.168.89.209"],"mac":["52-54-00-34-15-27"],"hostname":"wenad"},"ecs":{"version":"8.0.0"},"agent":{"type":"winlogbeat","version":"8.10.2","ephemeral_id":"2b9c058f-34ed-4c75-a5ec-12bc3da17947","id":"a6957f95-a905-403f-bb3a-3b7d19ed8db2","name":"wenad"}}
{"@timestamp":"2023-10-06T03:11:19.456Z","@metadata":{"beat":"winlogbeat","type":"_doc","version":"8.10.2"},"winlog":{"api":"wineventlog","opcode":"Info","channel":"System","computer_name":"wenad.prometheus.io","provider_guid":"{555908d1-a6d7-4695-8e1e-26931d2012f4}","record_id":5623,"event_id":"7036","process":{"pid":644,"thread":{"id":6180}},"task":"None","event_data":{"param2":"stopped","Binary":"7300700070007300760063002F0031000000","param1":"Software Protection"},"provider_name":"Service Control Manager","keywords":["Classic"]},"event":{"action":"None","created":"2023-10-06T03:11:20.830Z","code":"7036","kind":"event","provider":"Service Control Manager"},"log":{"level":"information"},"message":"The Software Protection service entered the stopped state.","host":{"id":"b2ee90f1-d4e1-4ba3-962e-5b5e5a0b936f","ip":["fe80::d706:39bb:7a8d:ffb1","192.168.89.209"],"name":"wenad","mac":["52-54-00-34-15-27"],"hostname":"wenad","architecture":"x86_64","os":{"family":"windows","name":"Windows Server 2022 Datacenter Evaluation","kernel":"10.0.20348.1970 (WinBuild.160101.0800)","build":"20348.1970","type":"windows","platform":"windows","version":"10.0"}},"ecs":{"version":"8.0.0"},"agent":{"name":"wenad","type":"winlogbeat","version":"8.10.2","ephemeral_id":"2b9c058f-34ed-4c75-a5ec-12bc3da17947","id":"a6957f95-a905-403f-bb3a-3b7d19ed8db2"}}
{"@timestamp":"2023-10-06T03:11:41.993Z","@metadata":{"beat":"winlogbeat","type":"_doc","version":"8.10.2"},"event":{"code":"4634","kind":"event","provider":"Microsoft-Windows-Security-Auditing","outcome":"success","action":"Logoff","created":"2023-10-06T03:11:43.986Z"},"log":{"level":"information"},"message":"An account was logged off.\n\nSubject:\n\tSecurity ID:\t\tS-1-5-18\n\tAccount Name:\t\tWENAD$\n\tAccount Domain:\t\tWINDOWS01\n\tLogon ID:\t\t0x63E1A6A\n\nLogon Type:\t\t\t3\n\nThis event is generated when a logon session is destroyed. It may be positively correlated with a logon event using the Logon ID value. Logon IDs are only unique between reboots on the same computer.","host":{"mac":["52-54-00-34-15-27"],"hostname":"wenad","architecture":"x86_64","os":{"platform":"windows","version":"10.0","family":"windows","name":"Windows Server 2022 Datacenter Evaluation","kernel":"10.0.20348.1970 (WinBuild.160101.0800)","build":"20348.1970","type":"windows"},"id":"b2ee90f1-d4e1-4ba3-962e-5b5e5a0b936f","ip":["fe80::d706:39bb:7a8d:ffb1","192.168.89.209"],"name":"wenad"},"agent":{"id":"a6957f95-a905-403f-bb3a-3b7d19ed8db2","name":"wenad","type":"winlogbeat","version":"8.10.2","ephemeral_id":"2b9c058f-34ed-4c75-a5ec-12bc3da17947"},"ecs":{"version":"8.0.0"},"winlog":{"event_id":"4634","record_id":156778,"computer_name":"wenad.prometheus.io","task":"Logoff","keywords":["Audit Success"],"event_data":{"TargetUserName":"WENAD$","TargetDomainName":"WINDOWS01","TargetLogonId":"0x63e1a6a","LogonType":"3","TargetUserSid":"S-1-5-18"},"provider_name":"Microsoft-Windows-Security-Auditing","channel":"Security","opcode":"Info","provider_guid":"{54849625-5478-4994-a5ba-3e3b0328c30d}","api":"wineventlog","process":{"pid":652,"thread":{"id":1548}}}}
{"@timestamp":"2023-10-06T03:11:50.904Z","@metadata":{"beat":"winlogbeat","type":"_doc","version":"8.10.2"},"winlog":{"channel":"Security","event_id":"4672","provider_guid":"{54849625-5478-4994-a5ba-3e3b0328c30d}","keywords":["Audit Success"],"process":{"pid":652,"thread":{"id":692}},"record_id":156779,"computer_name":"wenad.prometheus.io","provider_name":"Microsoft-Windows-Security-Auditing","task":"Special Logon","api":"wineventlog","opcode":"Info","event_data":{"SubjectUserSid":"S-1-5-18","SubjectUserName":"WENAD$","SubjectDomainName":"WINDOWS01","SubjectLogonId":"0x63fcb7f","PrivilegeList":"SeSecurityPrivilege\n\t\t\tSeBackupPrivilege\n\t\t\tSeRestorePrivilege\n\t\t\tSeTakeOwnershipPrivilege\n\t\t\tSeDebugPrivilege\n\t\t\tSeSystemEnvironmentPrivilege\n\t\t\tSeLoadDriverPrivilege\n\t\t\tSeImpersonatePrivilege\n\t\t\tSeDelegateSessionUserImpersonatePrivilege\n\t\t\tSeEnableDelegationPrivilege"}},"event":{"outcome":"success","action":"Special Logon","created":"2023-10-06T03:11:52.038Z","code":"4672","kind":"event","provider":"Microsoft-Windows-Security-Auditing"},"log":{"level":"information"},"message":"Special privileges assigned to new logon.\n\nSubject:\n\tSecurity ID:\t\tS-1-5-18\n\tAccount Name:\t\tWENAD$\n\tAccount Domain:\t\tWINDOWS01\n\tLogon ID:\t\t0x63FCB7F\n\nPrivileges:\t\tSeSecurityPrivilege\n\t\t\tSeBackupPrivilege\n\t\t\tSeRestorePrivilege\n\t\t\tSeTakeOwnershipPrivilege\n\t\t\tSeDebugPrivilege\n\t\t\tSeSystemEnvironmentPrivilege\n\t\t\tSeLoadDriverPrivilege\n\t\t\tSeImpersonatePrivilege\n\t\t\tSeDelegateSessionUserImpersonatePrivilege\n\t\t\tSeEnableDelegationPrivilege","host":{"mac":["52-54-00-34-15-27"],"name":"wenad","hostname":"wenad","architecture":"x86_64","os":{"build":"20348.1970","type":"windows","platform":"windows","version":"10.0","family":"windows","name":"Windows Server 2022 Datacenter Evaluation","kernel":"10.0.20348.1970 (WinBuild.160101.0800)"},"id":"b2ee90f1-d4e1-4ba3-962e-5b5e5a0b936f","ip":["fe80::d706:39bb:7a8d:ffb1","192.168.89.209"]},"ecs":{"version":"8.0.0"},"agent":{"ephemeral_id":"2b9c058f-34ed-4c75-a5ec-12bc3da17947","id":"a6957f95-a905-403f-bb3a-3b7d19ed8db2","name":"wenad","type":"winlogbeat","version":"8.10.2"}}
{"@timestamp":"2023-10-06T03:11:50.904Z","@metadata":{"beat":"winlogbeat","type":"_doc","version":"8.10.2"},"log":{"level":"information"},"message":"An account was successfully logged on.\n\nSubject:\n\tSecurity ID:\t\tS-1-0-0\n\tAccount Name:\t\t-\n\tAccount Domain:\t\t-\n\tLogon ID:\t\t0x0\n\nLogon Information:\n\tLogon Type:\t\t3\n\tRestricted Admin Mode:\t-\n\tVirtual Account:\t\tNo\n\tElevated Token:\t\tYes\n\nImpersonation Level:\t\tImpersonation\n\nNew Logon:\n\tSecurity ID:\t\tS-1-5-18\n\tAccount Name:\t\tWENAD$\n\tAccount Domain:\t\tPROMETHEUS.IO\n\tLogon ID:\t\t0x63FCB7F\n\tLinked Logon ID:\t\t0x0\n\tNetwork Account Name:\t-\n\tNetwork Account Domain:\t-\n\tLogon GUID:\t\t{eebd4e3e-b76b-1c11-f79f-7c2b6339f1dd}\n\nProcess Information:\n\tProcess ID:\t\t0x0\n\tProcess Name:\t\t-\n\nNetwork Information:\n\tWorkstation Name:\t-\n\tSource Network Address:\t::1\n\tSource Port:\t\t64773\n\nDetailed Authentication Information:\n\tLogon Process:\t\tKerberos\n\tAuthentication Package:\tKerberos\n\tTransited Services:\t-\n\tPackage Name (NTLM only):\t-\n\tKey Length:\t\t0\n\nThis event is generated when a logon session is created. It is generated on the computer that was accessed.\n\nThe subject fields indicate the account on the local system which requested the logon. This is most commonly a service such as the Server service, or a local process such as Winlogon.exe or Services.exe.\n\nThe logon type field indicates the kind of logon that occurred. The most common types are 2 (interactive) and 3 (network).\n\nThe New Logon fields indicate the account for whom the new logon was created, i.e. the account that was logged on.\n\nThe network fields indicate where a remote logon request originated. Workstation name is not always available and may be left blank in some cases.\n\nThe impersonation level field indicates the extent to which a process in the logon session can impersonate.\n\nThe authentication information fields provide detailed information about this specific logon request.\n\t- Logon GUID is a unique identifier that can be used to correlate this event with a KDC event.\n\t- Transited services indicate which intermediate services have participated in this logon request.\n\t- Package name indicates which sub-protocol was used among the NTLM protocols.\n\t- Key length indicates the length of the generated session key. This will be 0 if no session key was requested.","host":{"hostname":"wenad","architecture":"x86_64","name":"wenad","os":{"name":"Windows Server 2022 Datacenter Evaluation","kernel":"10.0.20348.1970 (WinBuild.160101.0800)","build":"20348.1970","type":"windows","platform":"windows","version":"10.0","family":"windows"},"id":"b2ee90f1-d4e1-4ba3-962e-5b5e5a0b936f","ip":["fe80::d706:39bb:7a8d:ffb1","192.168.89.209"],"mac":["52-54-00-34-15-27"]},"ecs":{"version":"8.0.0"},"agent":{"name":"wenad","type":"winlogbeat","version":"8.10.2","ephemeral_id":"2b9c058f-34ed-4c75-a5ec-12bc3da17947","id":"a6957f95-a905-403f-bb3a-3b7d19ed8db2"},"winlog":{"computer_name":"wenad.prometheus.io","opcode":"Info","task":"Logon","event_id":"4624","event_data":{"TargetUserName":"WENAD$","WorkstationName":"-","KeyLength":"0","SubjectUserSid":"S-1-0-0","ProcessId":"0x0","LogonProcessName":"Kerberos","TargetLinkedLogonId":"0x0","RestrictedAdminMode":"-","LogonGuid":"{eebd4e3e-b76b-1c11-f79f-7c2b6339f1dd}","SubjectUserName":"-","LogonType":"3","ElevatedToken":"%%1842","SubjectLogonId":"0x0","TargetUserSid":"S-1-5-18","ImpersonationLevel":"%%1833","TargetOutboundDomainName":"-","IpPort":"64773","TransmittedServices":"-","IpAddress":"::1","VirtualAccount":"%%1843","TargetLogonId":"0x63fcb7f","TargetOutboundUserName":"-","SubjectDomainName":"-","TargetDomainName":"PROMETHEUS.IO","LmPackageName":"-","AuthenticationPackageName":"Kerberos","ProcessName":"-"},"api":"wineventlog","provider_guid":"{54849625-5478-4994-a5ba-3e3b0328c30d}","version":2,"provider_name":"Microsoft-Windows-Security-Auditing","process":{"pid":652,"thread":{"id":692}},"channel":"Security","record_id":156780,"keywords":["Audit Success"]},"event":{"outcome":"success","action":"Logon","created":"2023-10-06T03:11:52.038Z","code":"4624","kind":"event","provider":"Microsoft-Windows-Security-Auditing"}}
{"@timestamp":"2023-10-06T03:11:50.910Z","@metadata":{"beat":"winlogbeat","type":"_doc","version":"8.10.2"},"ecs":{"version":"8.0.0"},"agent":{"version":"8.10.2","ephemeral_id":"2b9c058f-34ed-4c75-a5ec-12bc3da17947","id":"a6957f95-a905-403f-bb3a-3b7d19ed8db2","name":"wenad","type":"winlogbeat"},"winlog":{"task":"Logoff","provider_name":"Microsoft-Windows-Security-Auditing","event_id":"4634","api":"wineventlog","opcode":"Info","provider_guid":"{54849625-5478-4994-a5ba-3e3b0328c30d}","event_data":{"TargetDomainName":"WINDOWS01","TargetLogonId":"0x63fcb7f","LogonType":"3","TargetUserSid":"S-1-5-18","TargetUserName":"WENAD$"},"channel":"Security","record_id":156781,"process":{"thread":{"id":1548},"pid":652},"keywords":["Audit Success"],"computer_name":"wenad.prometheus.io"},"event":{"outcome":"success","action":"Logoff","created":"2023-10-06T03:11:52.038Z","code":"4634","kind":"event","provider":"Microsoft-Windows-Security-Auditing"},"log":{"level":"information"},"message":"An account was logged off.\n\nSubject:\n\tSecurity ID:\t\tS-1-5-18\n\tAccount Name:\t\tWENAD$\n\tAccount Domain:\t\tWINDOWS01\n\tLogon ID:\t\t0x63FCB7F\n\nLogon Type:\t\t\t3\n\nThis event is generated when a logon session is destroyed. It may be positively correlated with a logon event using the Logon ID value. Logon IDs are only unique between reboots on the same computer.","host":{"name":"wenad","hostname":"wenad","architecture":"x86_64","os":{"name":"Windows Server 2022 Datacenter Evaluation","kernel":"10.0.20348.1970 (WinBuild.160101.0800)","build":"20348.1970","type":"windows","platform":"windows","version":"10.0","family":"windows"},"id":"b2ee90f1-d4e1-4ba3-962e-5b5e5a0b936f","ip":["fe80::d706:39bb:7a8d:ffb1","192.168.89.209"],"mac":["52-54-00-34-15-27"]}}
{"@timestamp":"2023-10-06T03:12:50.920Z","@metadata":{"beat":"winlogbeat","type":"_doc","version":"8.10.2"},"log":{"level":"information"},"message":"Special privileges assigned to new logon.\n\nSubject:\n\tSecurity ID:\t\tS-1-5-18\n\tAccount Name:\t\tWENAD$\n\tAccount Domain:\t\tWINDOWS01\n\tLogon ID:\t\t0x6401927\n\nPrivileges:\t\tSeSecurityPrivilege\n\t\t\tSeBackupPrivilege\n\t\t\tSeRestorePrivilege\n\t\t\tSeTakeOwnershipPrivilege\n\t\t\tSeDebugPrivilege\n\t\t\tSeSystemEnvironmentPrivilege\n\t\t\tSeLoadDriverPrivilege\n\t\t\tSeImpersonatePrivilege\n\t\t\tSeDelegateSessionUserImpersonatePrivilege\n\t\t\tSeEnableDelegationPrivilege","host":{"name":"wenad","ip":["fe80::d706:39bb:7a8d:ffb1","192.168.89.209"],"mac":["52-54-00-34-15-27"],"hostname":"wenad","architecture":"x86_64","os":{"family":"windows","name":"Windows Server 2022 Datacenter Evaluation","kernel":"10.0.20348.1970 (WinBuild.160101.0800)","build":"20348.1970","type":"windows","platform":"windows","version":"10.0"},"id":"b2ee90f1-d4e1-4ba3-962e-5b5e5a0b936f"},"winlog":{"record_id":156782,"provider_name":"Microsoft-Windows-Security-Auditing","keywords":["Audit Success"],"api":"wineventlog","provider_guid":"{54849625-5478-4994-a5ba-3e3b0328c30d}","process":{"pid":652,"thread":{"id":2024}},"computer_name":"wenad.prometheus.io","opcode":"Info","event_data":{"PrivilegeList":"SeSecurityPrivilege\n\t\t\tSeBackupPrivilege\n\t\t\tSeRestorePrivilege\n\t\t\tSeTakeOwnershipPrivilege\n\t\t\tSeDebugPrivilege\n\t\t\tSeSystemEnvironmentPrivilege\n\t\t\tSeLoadDriverPrivilege\n\t\t\tSeImpersonatePrivilege\n\t\t\tSeDelegateSessionUserImpersonatePrivilege\n\t\t\tSeEnableDelegationPrivilege","SubjectUserSid":"S-1-5-18","SubjectUserName":"WENAD$","SubjectDomainName":"WINDOWS01","SubjectLogonId":"0x6401927"},"channel":"Security","event_id":"4672","task":"Special Logon"},"event":{"outcome":"success","action":"Special Logon","created":"2023-10-06T03:12:52.318Z","code":"4672","kind":"event","provider":"Microsoft-Windows-Security-Auditing"},"ecs":{"version":"8.0.0"},"agent":{"ephemeral_id":"2b9c058f-34ed-4c75-a5ec-12bc3da17947","id":"a6957f95-a905-403f-bb3a-3b7d19ed8db2","name":"wenad","type":"winlogbeat","version":"8.10.2"}}
{"@timestamp":"2023-10-06T03:12:50.920Z","@metadata":{"beat":"winlogbeat","type":"_doc","version":"8.10.2"},"log":{"level":"information"},"message":"An account was successfully logged on.\n\nSubject:\n\tSecurity ID:\t\tS-1-0-0\n\tAccount Name:\t\t-\n\tAccount Domain:\t\t-\n\tLogon ID:\t\t0x0\n\nLogon Information:\n\tLogon Type:\t\t3\n\tRestricted Admin Mode:\t-\n\tVirtual Account:\t\tNo\n\tElevated Token:\t\tYes\n\nImpersonation Level:\t\tImpersonation\n\nNew Logon:\n\tSecurity ID:\t\tS-1-5-18\n\tAccount Name:\t\tWENAD$\n\tAccount Domain:\t\tPROMETHEUS.IO\n\tLogon ID:\t\t0x6401927\n\tLinked Logon ID:\t\t0x0\n\tNetwork Account Name:\t-\n\tNetwork Account Domain:\t-\n\tLogon GUID:\t\t{eebd4e3e-b76b-1c11-f79f-7c2b6339f1dd}\n\nProcess Information:\n\tProcess ID:\t\t0x0\n\tProcess Name:\t\t-\n\nNetwork Information:\n\tWorkstation Name:\t-\n\tSource Network Address:\t::1\n\tSource Port:\t\t64774\n\nDetailed Authentication Information:\n\tLogon Process:\t\tKerberos\n\tAuthentication Package:\tKerberos\n\tTransited Services:\t-\n\tPackage Name (NTLM only):\t-\n\tKey Length:\t\t0\n\nThis event is generated when a logon session is created. It is generated on the computer that was accessed.\n\nThe subject fields indicate the account on the local system which requested the logon. This is most commonly a service such as the Server service, or a local process such as Winlogon.exe or Services.exe.\n\nThe logon type field indicates the kind of logon that occurred. The most common types are 2 (interactive) and 3 (network).\n\nThe New Logon fields indicate the account for whom the new logon was created, i.e. the account that was logged on.\n\nThe network fields indicate where a remote logon request originated. Workstation name is not always available and may be left blank in some cases.\n\nThe impersonation level field indicates the extent to which a process in the logon session can impersonate.\n\nThe authentication information fields provide detailed information about this specific logon request.\n\t- Logon GUID is a unique identifier that can be used to correlate this event with a KDC event.\n\t- Transited services indicate which intermediate services have participated in this logon request.\n\t- Package name indicates which sub-protocol was used among the NTLM protocols.\n\t- Key length indicates the length of the generated session key. This will be 0 if no session key was requested.","host":{"name":"wenad","architecture":"x86_64","os":{"version":"10.0","family":"windows","name":"Windows Server 2022 Datacenter Evaluation","kernel":"10.0.20348.1970 (WinBuild.160101.0800)","build":"20348.1970","type":"windows","platform":"windows"},"id":"b2ee90f1-d4e1-4ba3-962e-5b5e5a0b936f","ip":["fe80::d706:39bb:7a8d:ffb1","192.168.89.209"],"mac":["52-54-00-34-15-27"],"hostname":"wenad"},"winlog":{"channel":"Security","record_id":156783,"provider_guid":"{54849625-5478-4994-a5ba-3e3b0328c30d}","provider_name":"Microsoft-Windows-Security-Auditing","keywords":["Audit Success"],"event_id":"4624","event_data":{"IpPort":"64774","ProcessId":"0x0","LmPackageName":"-","LogonGuid":"{eebd4e3e-b76b-1c11-f79f-7c2b6339f1dd}","RestrictedAdminMode":"-","ProcessName":"-","LogonProcessName":"Kerberos","WorkstationName":"-","TargetOutboundDomainName":"-","ImpersonationLevel":"%%1833","LogonType":"3","TargetOutboundUserName":"-","ElevatedToken":"%%1842","SubjectDomainName":"-","TargetLinkedLogonId":"0x0","TargetLogonId":"0x6401927","VirtualAccount":"%%1843","TransmittedServices":"-","TargetUserSid":"S-1-5-18","KeyLength":"0","AuthenticationPackageName":"Kerberos","SubjectLogonId":"0x0","SubjectUserName":"-","TargetUserName":"WENAD$","SubjectUserSid":"S-1-0-0","TargetDomainName":"PROMETHEUS.IO","IpAddress":"::1"},"process":{"pid":652,"thread":{"id":2024}},"opcode":"Info","task":"Logon","computer_name":"wenad.prometheus.io","api":"wineventlog","version":2},"event":{"provider":"Microsoft-Windows-Security-Auditing","outcome":"success","action":"Logon","created":"2023-10-06T03:12:52.319Z","code":"4624","kind":"event"},"ecs":{"version":"8.0.0"},"agent":{"name":"wenad","type":"winlogbeat","version":"8.10.2","ephemeral_id":"2b9c058f-34ed-4c75-a5ec-12bc3da17947","id":"a6957f95-a905-403f-bb3a-3b7d19ed8db2"}}
{"@timestamp":"2023-10-06T03:12:50.929Z","@metadata":{"beat":"winlogbeat","type":"_doc","version":"8.10.2"},"log":{"level":"information"},"ecs":{"version":"8.0.0"},"agent":{"name":"wenad","type":"winlogbeat","version":"8.10.2","ephemeral_id":"2b9c058f-34ed-4c75-a5ec-12bc3da17947","id":"a6957f95-a905-403f-bb3a-3b7d19ed8db2"},"message":"An account was logged off.\n\nSubject:\n\tSecurity ID:\t\tS-1-5-18\n\tAccount Name:\t\tWENAD$\n\tAccount Domain:\t\tWINDOWS01\n\tLogon ID:\t\t0x6401927\n\nLogon Type:\t\t\t3\n\nThis event is generated when a logon session is destroyed. It may be positively correlated with a logon event using the Logon ID value. Logon IDs are only unique between reboots on the same computer.","host":{"architecture":"x86_64","name":"wenad","os":{"platform":"windows","version":"10.0","family":"windows","name":"Windows Server 2022 Datacenter Evaluation","kernel":"10.0.20348.1970 (WinBuild.160101.0800)","build":"20348.1970","type":"windows"},"id":"b2ee90f1-d4e1-4ba3-962e-5b5e5a0b936f","ip":["fe80::d706:39bb:7a8d:ffb1","192.168.89.209"],"mac":["52-54-00-34-15-27"],"hostname":"wenad"},"winlog":{"record_id":156784,"api":"wineventlog","provider_name":"Microsoft-Windows-Security-Auditing","computer_name":"wenad.prometheus.io","task":"Logoff","event_id":"4634","event_data":{"LogonType":"3","TargetUserSid":"S-1-5-18","TargetUserName":"WENAD$","TargetDomainName":"WINDOWS01","TargetLogonId":"0x6401927"},"channel":"Security","provider_guid":"{54849625-5478-4994-a5ba-3e3b0328c30d}","opcode":"Info","process":{"pid":652,"thread":{"id":1548}},"keywords":["Audit Success"]},"event":{"created":"2023-10-06T03:12:52.319Z","code":"4634","kind":"event","provider":"Microsoft-Windows-Security-Auditing","outcome":"success","action":"Logoff"}}
{"@timestamp":"2023-10-06T03:12:53.699Z","@metadata":{"beat":"winlogbeat","type":"_doc","version":"8.10.2"},"log":{"level":"information"},"message":"The Windows Modules Installer service entered the stopped state.","host":{"ip":["fe80::d706:39bb:7a8d:ffb1","192.168.89.209"],"mac":["52-54-00-34-15-27"],"hostname":"wenad","architecture":"x86_64","os":{"platform":"windows","version":"10.0","family":"windows","name":"Windows Server 2022 Datacenter Evaluation","kernel":"10.0.20348.1970 (WinBuild.160101.0800)","build":"20348.1970","type":"windows"},"id":"b2ee90f1-d4e1-4ba3-962e-5b5e5a0b936f","name":"wenad"},"ecs":{"version":"8.0.0"},"agent":{"ephemeral_id":"2b9c058f-34ed-4c75-a5ec-12bc3da17947","id":"a6957f95-a905-403f-bb3a-3b7d19ed8db2","name":"wenad","type":"winlogbeat","version":"8.10.2"},"winlog":{"channel":"System","keywords":["Classic"],"event_data":{"Binary":"540072007500730074006500640049006E007300740061006C006C00650072002F0031000000","param1":"Windows Modules Installer","param2":"stopped"},"provider_name":"Service Control Manager","provider_guid":"{555908d1-a6d7-4695-8e1e-26931d2012f4}","process":{"pid":644,"thread":{"id":1608}},"api":"wineventlog","event_id":"7036","computer_name":"wenad.prometheus.io","task":"None","opcode":"Info","record_id":5624},"event":{"code":"7036","kind":"event","provider":"Service Control Manager","action":"None","created":"2023-10-06T03:12:55.332Z"}}
